<?xml version="1.0" encoding="UTF-8"?>
<!-- Generated by org.testng.reporters.JUnitReportReporter -->
<testsuite skipped="0" hostname="INLN56577263A" name="Autothon.Autothon.AppTest" tests="1" failures="0" timestamp="21 Aug 2019 06:29:14 GMT" time="0.032" errors="0">
  <testcase name="testApp" time="0.032" classname="Autothon.Autothon.AppTest"/>
</testsuite> <!-- Autothon.Autothon.AppTest -->
